Started: 15-Nov-2016 18:16:26
Started: 15-Nov-2016 18:16:26
Started: 15-Nov-2016 18:18:35
Started: 15-Nov-2016 18:18:35
Started: 15-Nov-2016 18:26:28
Started: 15-Nov-2016 18:26:28
Started: 17-Nov-2016 20:10:50
Started: 17-Nov-2016 20:10:50
1	2	1	0.001	0.000	0.011	cell
2	3	0	8.571	0.000	8.580	cell
3	4	0	23.113	0.000	23.122	cell
4	2	1	37.644	0.000	37.654	cell
Started: 17-Nov-2016 20:16:17
Started: 17-Nov-2016 20:16:17
1	2	1	0.002	0.000	0.010	cell
Started: 17-Nov-2016 20:18:19
Started: 17-Nov-2016 20:18:19
1	2	1	0.002	0.000	0.010	cell
2	3	0	8.566	0.000	8.574	cell
Started: 17-Nov-2016 20:23:06
Started: 17-Nov-2016 20:23:06
1	2	1	0.001	1.589	0.007	b	
2	3	0	6.400	1.051	6.406	y	
3	4	0	18.250	1.559	18.257	y	
4	2	1	30.593	0.731	30.599	b	
5	4	1	0.000	1.388	49.819	b	
6	1	0	12.176	0.820	61.994	y	
7	3	0	17.773	0.410	67.591	b	
8	2	1	28.974	1.554	78.793	b	
Started: 17-Nov-2016 20:42:55
Started: 17-Nov-2016 20:42:55
1	2	1	0.001	0.000	0.008	cell
